{"/Users/don/GitHub/React/todo/src/components/FilterButton.jsx": {"path":"/Users/don/GitHub/React/todo/src/components/FilterButton.jsx","statementMap":{"0":{"start":{"line":4,"column":41},"end":{"line":4,"column":46}},"1":{"start":{"line":6,"column":2},"end":{"line":17,"column":3}},"2":{"start":{"line":11,"column":21},"end":{"line":11,"column":36}}},"fnMap":{"0":{"name":"FilterButton","decl":{"start":{"line":3,"column":9},"end":{"line":3,"column":21}},"loc":{"start":{"line":3,"column":30},"end":{"line":18,"column":1}},"line":3},"1":{"name":"(anonymous_1)","decl":{"start":{"line":11,"column":15},"end":{"line":11,"column":16}},"loc":{"start":{"line":11,"column":21},"end":{"line":11,"column":36}},"line":11}},"branchMap":{},"s":{"0":7,"1":7,"2":1},"f":{"0":7,"1":1},"b":{},"_coverageSchema":"43e27e138ebf9cfc5966b082cf9a028302ed4184","hash":"558f1bd415a9eb92cdfe87df971819ddc7c7157a"}
,"/Users/don/GitHub/React/todo/src/components/Form.jsx": {"path":"/Users/don/GitHub/React/todo/src/components/Form.jsx","statementMap":{"0":{"start":{"line":4,"column":23},"end":{"line":4,"column":28}},"1":{"start":{"line":5,"column":26},"end":{"line":5,"column":38}},"2":{"start":{"line":6,"column":23},"end":{"line":6,"column":60}},"3":{"start":{"line":6,"column":30},"end":{"line":6,"column":60}},"4":{"start":{"line":7,"column":23},"end":{"line":13,"column":3}},"5":{"start":{"line":8,"column":4},"end":{"line":8,"column":22}},"6":{"start":{"line":9,"column":4},"end":{"line":12,"column":5}},"7":{"start":{"line":10,"column":6},"end":{"line":10,"column":20}},"8":{"start":{"line":11,"column":6},"end":{"line":11,"column":17}},"9":{"start":{"line":15,"column":2},"end":{"line":35,"column":3}}},"fnMap":{"0":{"name":"Form","decl":{"start":{"line":3,"column":9},"end":{"line":3,"column":13}},"loc":{"start":{"line":3,"column":22},"end":{"line":36,"column":1}},"line":3},"1":{"name":"(anonymous_1)","decl":{"start":{"line":6,"column":23},"end":{"line":6,"column":24}},"loc":{"start":{"line":6,"column":30},"end":{"line":6,"column":60}},"line":6},"2":{"name":"(anonymous_2)","decl":{"start":{"line":7,"column":23},"end":{"line":7,"column":24}},"loc":{"start":{"line":7,"column":30},"end":{"line":13,"column":3}},"line":7}},"branchMap":{"0":{"loc":{"start":{"line":9,"column":4},"end":{"line":12,"column":5}},"type":"if","locations":[{"start":{"line":9,"column":4},"end":{"line":12,"column":5}},{"start":{"line":9,"column":4},"end":{"line":12,"column":5}}],"line":9}},"s":{"0":5,"1":5,"2":5,"3":1,"4":5,"5":2,"6":2,"7":1,"8":1,"9":5},"f":{"0":5,"1":1,"2":2},"b":{"0":[1,1]},"_coverageSchema":"43e27e138ebf9cfc5966b082cf9a028302ed4184","hash":"8a46044dca84bd8a0fc2e53f3541b07c6a31d237"}
,"/Users/don/GitHub/React/todo/src/components/Todo.jsx": {"path":"/Users/don/GitHub/React/todo/src/components/Todo.jsx","statementMap":{"0":{"start":{"line":4,"column":64},"end":{"line":4,"column":69}},"1":{"start":{"line":5,"column":34},"end":{"line":5,"column":49}},"2":{"start":{"line":6,"column":32},"end":{"line":6,"column":44}},"3":{"start":{"line":8,"column":23},"end":{"line":8,"column":56}},"4":{"start":{"line":8,"column":30},"end":{"line":8,"column":56}},"5":{"start":{"line":9,"column":23},"end":{"line":16,"column":3}},"6":{"start":{"line":10,"column":4},"end":{"line":10,"column":22}},"7":{"start":{"line":11,"column":4},"end":{"line":15,"column":5}},"8":{"start":{"line":12,"column":6},"end":{"line":12,"column":32}},"9":{"start":{"line":13,"column":6},"end":{"line":13,"column":20}},"10":{"start":{"line":14,"column":6},"end":{"line":14,"column":23}},"11":{"start":{"line":19,"column":4},"end":{"line":55,"column":11}},"12":{"start":{"line":41,"column":27},"end":{"line":41,"column":45}},"13":{"start":{"line":41,"column":46},"end":{"line":41,"column":60}},"14":{"start":{"line":59,"column":4},"end":{"line":92,"column":10}},"15":{"start":{"line":66,"column":26},"end":{"line":66,"column":40}},"16":{"start":{"line":76,"column":25},"end":{"line":76,"column":41}},"17":{"start":{"line":85,"column":25},"end":{"line":85,"column":37}},"18":{"start":{"line":95,"column":2},"end":{"line":95,"column":79}}},"fnMap":{"0":{"name":"Todo","decl":{"start":{"line":3,"column":24},"end":{"line":3,"column":28}},"loc":{"start":{"line":3,"column":37},"end":{"line":96,"column":1}},"line":3},"1":{"name":"(anonymous_1)","decl":{"start":{"line":8,"column":23},"end":{"line":8,"column":24}},"loc":{"start":{"line":8,"column":30},"end":{"line":8,"column":56}},"line":8},"2":{"name":"(anonymous_2)","decl":{"start":{"line":9,"column":23},"end":{"line":9,"column":24}},"loc":{"start":{"line":9,"column":30},"end":{"line":16,"column":3}},"line":9},"3":{"name":"(anonymous_3)","decl":{"start":{"line":41,"column":19},"end":{"line":41,"column":20}},"loc":{"start":{"line":41,"column":25},"end":{"line":41,"column":62}},"line":41},"4":{"name":"(anonymous_4)","decl":{"start":{"line":66,"column":20},"end":{"line":66,"column":21}},"loc":{"start":{"line":66,"column":26},"end":{"line":66,"column":40}},"line":66},"5":{"name":"(anonymous_5)","decl":{"start":{"line":76,"column":19},"end":{"line":76,"column":20}},"loc":{"start":{"line":76,"column":25},"end":{"line":76,"column":41}},"line":76},"6":{"name":"(anonymous_6)","decl":{"start":{"line":85,"column":19},"end":{"line":85,"column":20}},"loc":{"start":{"line":85,"column":25},"end":{"line":85,"column":37}},"line":85}},"branchMap":{"0":{"loc":{"start":{"line":11,"column":4},"end":{"line":15,"column":5}},"type":"if","locations":[{"start":{"line":11,"column":4},"end":{"line":15,"column":5}},{"start":{"line":11,"column":4},"end":{"line":15,"column":5}}],"line":11},"1":{"loc":{"start":{"line":95,"column":31},"end":{"line":95,"column":73}},"type":"cond-expr","locations":[{"start":{"line":95,"column":43},"end":{"line":95,"column":58}},{"start":{"line":95,"column":61},"end":{"line":95,"column":73}}],"line":95}},"s":{"0":11,"1":11,"2":11,"3":11,"4":1,"5":11,"6":0,"7":0,"8":0,"9":0,"10":0,"11":11,"12":1,"13":1,"14":11,"15":2,"16":1,"17":1,"18":11},"f":{"0":11,"1":1,"2":0,"3":1,"4":2,"5":1,"6":1},"b":{"0":[0,0],"1":[2,9]},"_coverageSchema":"43e27e138ebf9cfc5966b082cf9a028302ed4184","hash":"437ef16f144400d9a107b83524397d313ef35099"}
}
