{"/Users/don/GitHub/React/todo/src/App.jsx": {"path":"/Users/don/GitHub/React/todo/src/App.jsx","statementMap":{"0":{"start":{"line":10,"column":16},"end":{"line":13,"column":3}},"1":{"start":{"line":14,"column":2},"end":{"line":25,"column":3}}},"fnMap":{"0":{"name":"App","decl":{"start":{"line":9,"column":24},"end":{"line":9,"column":27}},"loc":{"start":{"line":9,"column":31},"end":{"line":26,"column":1}},"line":9}},"branchMap":{},"s":{"0":2,"1":2},"f":{"0":2},"b":{},"_coverageSchema":"43e27e138ebf9cfc5966b082cf9a028302ed4184","hash":"23c42db1ade5e9ea182debacf97135320129a556"}
,"/Users/don/GitHub/React/todo/src/index.jsx": {"path":"/Users/don/GitHub/React/todo/src/index.jsx","statementMap":{"0":{"start":{"line":6,"column":0},"end":{"line":11,"column":1}}},"fnMap":{},"branchMap":{},"s":{"0":0},"f":{},"b":{},"hash":"7afff5032ea760515115bfd15006d618f20138a5"}
,"/Users/don/GitHub/React/todo/src/layout/Navbar.jsx": {"path":"/Users/don/GitHub/React/todo/src/layout/Navbar.jsx","statementMap":{"0":{"start":{"line":5,"column":26},"end":{"line":5,"column":31}},"1":{"start":{"line":6,"column":2},"end":{"line":11,"column":3}}},"fnMap":{"0":{"name":"Navbar","decl":{"start":{"line":4,"column":24},"end":{"line":4,"column":30}},"loc":{"start":{"line":4,"column":39},"end":{"line":12,"column":1}},"line":4}},"branchMap":{},"s":{"0":2,"1":2},"f":{"0":2},"b":{},"_coverageSchema":"43e27e138ebf9cfc5966b082cf9a028302ed4184","hash":"4ccd71248e17c633d50b88f2dbfa0a56c4aae298"}
,"/Users/don/GitHub/React/todo/src/pages/About.jsx": {"path":"/Users/don/GitHub/React/todo/src/pages/About.jsx","statementMap":{"0":{"start":{"line":5,"column":4},"end":{"line":7,"column":5}}},"fnMap":{"0":{"name":"(anonymous_0)","decl":{"start":{"line":4,"column":2},"end":{"line":4,"column":3}},"loc":{"start":{"line":4,"column":12},"end":{"line":8,"column":3}},"line":4}},"branchMap":{},"s":{"0":0},"f":{"0":0},"b":{},"_coverageSchema":"43e27e138ebf9cfc5966b082cf9a028302ed4184","hash":"9d312c9594d02c03b52f0806028c502259e25346"}
,"/Users/don/GitHub/React/todo/src/pages/Error.jsx": {"path":"/Users/don/GitHub/React/todo/src/pages/Error.jsx","statementMap":{"0":{"start":{"line":5,"column":4},"end":{"line":7,"column":5}}},"fnMap":{"0":{"name":"(anonymous_0)","decl":{"start":{"line":4,"column":2},"end":{"line":4,"column":3}},"loc":{"start":{"line":4,"column":12},"end":{"line":8,"column":3}},"line":4}},"branchMap":{},"s":{"0":0},"f":{"0":0},"b":{},"_coverageSchema":"43e27e138ebf9cfc5966b082cf9a028302ed4184","hash":"c6d46ed5ddaced17e33e32fa137d8fdc6c590a8a"}
,"/Users/don/GitHub/React/todo/src/pages/Home.jsx": {"path":"/Users/don/GitHub/React/todo/src/pages/Home.jsx","statementMap":{"0":{"start":{"line":12,"column":19},"end":{"line":16,"column":1}},"1":{"start":{"line":13,"column":13},"end":{"line":13,"column":17}},"2":{"start":{"line":14,"column":18},"end":{"line":14,"column":33}},"3":{"start":{"line":15,"column":21},"end":{"line":15,"column":35}},"4":{"start":{"line":17,"column":21},"end":{"line":17,"column":44}},"5":{"start":{"line":18,"column":13},"end":{"line":22,"column":1}},"6":{"start":{"line":25,"column":28},"end":{"line":25,"column":42}},"7":{"start":{"line":26,"column":30},"end":{"line":26,"column":45}},"8":{"start":{"line":28,"column":2},"end":{"line":31,"column":8}},"9":{"start":{"line":29,"column":23},"end":{"line":29,"column":71}},"10":{"start":{"line":30,"column":4},"end":{"line":30,"column":40}},"11":{"start":{"line":30,"column":20},"end":{"line":30,"column":40}},"12":{"start":{"line":32,"column":2},"end":{"line":32,"column":87}},"13":{"start":{"line":32,"column":18},"end":{"line":32,"column":77}},"14":{"start":{"line":40,"column":30},"end":{"line":45,"column":3}},"15":{"start":{"line":41,"column":4},"end":{"line":44,"column":7}},"16":{"start":{"line":42,"column":6},"end":{"line":42,"column":72}},"17":{"start":{"line":42,"column":26},"end":{"line":42,"column":72}},"18":{"start":{"line":43,"column":6},"end":{"line":43,"column":17}},"19":{"start":{"line":48,"column":19},"end":{"line":53,"column":3}},"20":{"start":{"line":49,"column":4},"end":{"line":52,"column":7}},"21":{"start":{"line":50,"column":6},"end":{"line":50,"column":59}},"22":{"start":{"line":50,"column":26},"end":{"line":50,"column":59}},"23":{"start":{"line":51,"column":6},"end":{"line":51,"column":17}},"24":{"start":{"line":55,"column":21},"end":{"line":57,"column":3}},"25":{"start":{"line":56,"column":4},"end":{"line":56,"column":50}},"26":{"start":{"line":56,"column":34},"end":{"line":56,"column":48}},"27":{"start":{"line":60,"column":19},"end":{"line":72,"column":5}},"28":{"start":{"line":61,"column":20},"end":{"line":61,"column":44}},"29":{"start":{"line":63,"column":6},"end":{"line":71,"column":8}},"30":{"start":{"line":75,"column":21},"end":{"line":82,"column":4}},"31":{"start":{"line":76,"column":4},"end":{"line":81,"column":6}},"32":{"start":{"line":84,"column":18},"end":{"line":90,"column":3}},"33":{"start":{"line":85,"column":4},"end":{"line":89,"column":7}},"34":{"start":{"line":92,"column":21},"end":{"line":95,"column":3}},"35":{"start":{"line":93,"column":4},"end":{"line":93,"column":31}},"36":{"start":{"line":94,"column":4},"end":{"line":94,"column":16}},"37":{"start":{"line":97,"column":20},"end":{"line":97,"column":60}},"38":{"start":{"line":98,"column":22},"end":{"line":98,"column":65}},"39":{"start":{"line":100,"column":2},"end":{"line":118,"column":3}}},"fnMap":{"0":{"name":"(anonymous_0)","decl":{"start":{"line":13,"column":7},"end":{"line":13,"column":8}},"loc":{"start":{"line":13,"column":13},"end":{"line":13,"column":17}},"line":13},"1":{"name":"(anonymous_1)","decl":{"start":{"line":14,"column":10},"end":{"line":14,"column":11}},"loc":{"start":{"line":14,"column":18},"end":{"line":14,"column":33}},"line":14},"2":{"name":"(anonymous_2)","decl":{"start":{"line":15,"column":13},"end":{"line":15,"column":14}},"loc":{"start":{"line":15,"column":21},"end":{"line":15,"column":35}},"line":15},"3":{"name":"Home","decl":{"start":{"line":24,"column":24},"end":{"line":24,"column":28}},"loc":{"start":{"line":24,"column":32},"end":{"line":119,"column":1}},"line":24},"4":{"name":"(anonymous_4)","decl":{"start":{"line":28,"column":12},"end":{"line":28,"column":13}},"loc":{"start":{"line":28,"column":18},"end":{"line":31,"column":3}},"line":28},"5":{"name":"(anonymous_5)","decl":{"start":{"line":32,"column":12},"end":{"line":32,"column":13}},"loc":{"start":{"line":32,"column":18},"end":{"line":32,"column":77}},"line":32},"6":{"name":"(anonymous_6)","decl":{"start":{"line":40,"column":30},"end":{"line":40,"column":31}},"loc":{"start":{"line":40,"column":38},"end":{"line":45,"column":3}},"line":40},"7":{"name":"(anonymous_7)","decl":{"start":{"line":41,"column":23},"end":{"line":41,"column":24}},"loc":{"start":{"line":41,"column":31},"end":{"line":44,"column":5}},"line":41},"8":{"name":"(anonymous_8)","decl":{"start":{"line":48,"column":19},"end":{"line":48,"column":20}},"loc":{"start":{"line":48,"column":36},"end":{"line":53,"column":3}},"line":48},"9":{"name":"(anonymous_9)","decl":{"start":{"line":49,"column":23},"end":{"line":49,"column":24}},"loc":{"start":{"line":49,"column":31},"end":{"line":52,"column":5}},"line":49},"10":{"name":"(anonymous_10)","decl":{"start":{"line":55,"column":21},"end":{"line":55,"column":22}},"loc":{"start":{"line":55,"column":29},"end":{"line":57,"column":3}},"line":55},"11":{"name":"(anonymous_11)","decl":{"start":{"line":56,"column":26},"end":{"line":56,"column":27}},"loc":{"start":{"line":56,"column":34},"end":{"line":56,"column":48}},"line":56},"12":{"name":"(anonymous_12)","decl":{"start":{"line":61,"column":12},"end":{"line":61,"column":13}},"loc":{"start":{"line":61,"column":20},"end":{"line":61,"column":44}},"line":61},"13":{"name":"(anonymous_13)","decl":{"start":{"line":62,"column":9},"end":{"line":62,"column":10}},"loc":{"start":{"line":63,"column":6},"end":{"line":71,"column":8}},"line":63},"14":{"name":"(anonymous_14)","decl":{"start":{"line":75,"column":38},"end":{"line":75,"column":39}},"loc":{"start":{"line":76,"column":4},"end":{"line":81,"column":6}},"line":76},"15":{"name":"(anonymous_15)","decl":{"start":{"line":84,"column":18},"end":{"line":84,"column":19}},"loc":{"start":{"line":84,"column":28},"end":{"line":90,"column":3}},"line":84},"16":{"name":"(anonymous_16)","decl":{"start":{"line":92,"column":21},"end":{"line":92,"column":22}},"loc":{"start":{"line":92,"column":27},"end":{"line":95,"column":3}},"line":92}},"branchMap":{"0":{"loc":{"start":{"line":30,"column":4},"end":{"line":30,"column":40}},"type":"if","locations":[{"start":{"line":30,"column":4},"end":{"line":30,"column":40}},{"start":{"line":30,"column":4},"end":{"line":30,"column":40}}],"line":30},"1":{"loc":{"start":{"line":42,"column":6},"end":{"line":42,"column":72}},"type":"if","locations":[{"start":{"line":42,"column":6},"end":{"line":42,"column":72}},{"start":{"line":42,"column":6},"end":{"line":42,"column":72}}],"line":42},"2":{"loc":{"start":{"line":50,"column":6},"end":{"line":50,"column":59}},"type":"if","locations":[{"start":{"line":50,"column":6},"end":{"line":50,"column":59}},{"start":{"line":50,"column":6},"end":{"line":50,"column":59}}],"line":50},"3":{"loc":{"start":{"line":97,"column":20},"end":{"line":97,"column":60}},"type":"cond-expr","locations":[{"start":{"line":97,"column":44},"end":{"line":97,"column":51}},{"start":{"line":97,"column":54},"end":{"line":97,"column":60}}],"line":97}},"s":{"0":1,"1":0,"2":0,"3":0,"4":1,"5":1,"6":2,"7":2,"8":2,"9":0,"10":0,"11":0,"12":2,"13":0,"14":2,"15":0,"16":0,"17":0,"18":0,"19":2,"20":0,"21":0,"22":0,"23":0,"24":2,"25":0,"26":0,"27":2,"28":0,"29":0,"30":2,"31":6,"32":2,"33":0,"34":2,"35":0,"36":0,"37":2,"38":2,"39":2},"f":{"0":0,"1":0,"2":0,"3":2,"4":0,"5":0,"6":0,"7":0,"8":0,"9":0,"10":0,"11":0,"12":0,"13":0,"14":6,"15":0,"16":0},"b":{"0":[0,0],"1":[0,0],"2":[0,0],"3":[2,0]},"_coverageSchema":"43e27e138ebf9cfc5966b082cf9a028302ed4184","hash":"c079946a2088563e6dba034cf244cdac9a71eb68"}
}
