TN:
SF:/Users/don/GitHub/React/todo/src/components/FilterButton.jsx
FN:3,FilterButton
FN:11,(anonymous_1)
FNF:2
FNH:2
FNDA:7,FilterButton
FNDA:1,(anonymous_1)
DA:4,7
DA:6,7
DA:11,1
LF:3
LH:3
BRF:0
BRH:0
end_of_record
TN:
SF:/Users/don/GitHub/React/todo/src/components/Form.jsx
FN:3,Form
FN:6,(anonymous_1)
FN:7,(anonymous_2)
FNF:3
FNH:3
FNDA:5,Form
FNDA:1,(anonymous_1)
FNDA:2,(anonymous_2)
DA:4,5
DA:5,5
DA:6,5
DA:7,5
DA:8,2
DA:9,2
DA:10,1
DA:11,1
DA:15,5
LF:9
LH:9
BRDA:9,0,0,1
BRDA:9,0,1,1
BRF:2
BRH:2
end_of_record
TN:
SF:/Users/don/GitHub/React/todo/src/components/Todo.jsx
FN:3,Todo
FN:8,(anonymous_1)
FN:9,(anonymous_2)
FN:41,(anonymous_3)
FN:66,(anonymous_4)
FN:76,(anonymous_5)
FN:85,(anonymous_6)
FNF:7
FNH:6
FNDA:11,Todo
FNDA:1,(anonymous_1)
FNDA:0,(anonymous_2)
FNDA:1,(anonymous_3)
FNDA:2,(anonymous_4)
FNDA:1,(anonymous_5)
FNDA:1,(anonymous_6)
DA:4,11
DA:5,11
DA:6,11
DA:8,11
DA:9,11
DA:10,0
DA:11,0
DA:12,0
DA:13,0
DA:14,0
DA:19,11
DA:41,1
DA:59,11
DA:66,2
DA:76,1
DA:85,1
DA:95,11
LF:17
LH:12
BRDA:11,0,0,0
BRDA:11,0,1,0
BRDA:95,1,0,2
BRDA:95,1,1,9
BRF:4
BRH:2
end_of_record
