TN:
SF:/Users/don/GitHub/React/todo/src/App.jsx
FN:9,App
FNF:1
FNH:1
FNDA:2,App
DA:10,2
DA:14,2
LF:2
LH:2
BRF:0
BRH:0
end_of_record
TN:
SF:/Users/don/GitHub/React/todo/src/index.jsx
FNF:0
FNH:0
DA:6,0
LF:1
LH:0
BRF:0
BRH:0
end_of_record
TN:
SF:/Users/don/GitHub/React/todo/src/layout/Navbar.jsx
FN:4,Navbar
FNF:1
FNH:1
FNDA:2,Navbar
DA:5,2
DA:6,2
LF:2
LH:2
BRF:0
BRH:0
end_of_record
TN:
SF:/Users/don/GitHub/React/todo/src/pages/About.jsx
FN:4,(anonymous_0)
FNF:1
FNH:0
FNDA:0,(anonymous_0)
DA:5,0
LF:1
LH:0
BRF:0
BRH:0
end_of_record
TN:
SF:/Users/don/GitHub/React/todo/src/pages/Error.jsx
FN:4,(anonymous_0)
FNF:1
FNH:0
FNDA:0,(anonymous_0)
DA:5,0
LF:1
LH:0
BRF:0
BRH:0
end_of_record
TN:
SF:/Users/don/GitHub/React/todo/src/pages/Home.jsx
FN:13,(anonymous_0)
FN:14,(anonymous_1)
FN:15,(anonymous_2)
FN:24,Home
FN:28,(anonymous_4)
FN:32,(anonymous_5)
FN:40,(anonymous_6)
FN:41,(anonymous_7)
FN:48,(anonymous_8)
FN:49,(anonymous_9)
FN:55,(anonymous_10)
FN:56,(anonymous_11)
FN:61,(anonymous_12)
FN:62,(anonymous_13)
FN:75,(anonymous_14)
FN:84,(anonymous_15)
FN:92,(anonymous_16)
FNF:17
FNH:2
FNDA:0,(anonymous_0)
FNDA:0,(anonymous_1)
FNDA:0,(anonymous_2)
FNDA:2,Home
FNDA:0,(anonymous_4)
FNDA:0,(anonymous_5)
FNDA:0,(anonymous_6)
FNDA:0,(anonymous_7)
FNDA:0,(anonymous_8)
FNDA:0,(anonymous_9)
FNDA:0,(anonymous_10)
FNDA:0,(anonymous_11)
FNDA:0,(anonymous_12)
FNDA:0,(anonymous_13)
FNDA:6,(anonymous_14)
FNDA:0,(anonymous_15)
FNDA:0,(anonymous_16)
DA:12,1
DA:13,0
DA:14,0
DA:15,0
DA:17,1
DA:18,1
DA:25,2
DA:26,2
DA:28,2
DA:29,0
DA:30,0
DA:32,2
DA:40,2
DA:41,0
DA:42,0
DA:43,0
DA:48,2
DA:49,0
DA:50,0
DA:51,0
DA:55,2
DA:56,0
DA:60,2
DA:61,0
DA:63,0
DA:75,2
DA:76,6
DA:84,2
DA:85,0
DA:92,2
DA:93,0
DA:94,0
DA:97,2
DA:98,2
DA:100,2
LF:35
LH:18
BRDA:30,0,0,0
BRDA:30,0,1,0
BRDA:42,1,0,0
BRDA:42,1,1,0
BRDA:50,2,0,0
BRDA:50,2,1,0
BRDA:97,3,0,2
BRDA:97,3,1,0
BRF:8
BRH:1
end_of_record
